<?xml version="1.0" encoding="UTF-8"?>
<testsuite xmlns:xsi="http://www.w3.org/2001/XMLSchema-instance" xsi:noNamespaceSchemaLocation="https://maven.apache.org/surefire/maven-surefire-plugin/xsd/surefire-test-report.xsd" name="com.University.auth.test.JwtTest" time="1.154" tests="3" errors="1" skipped="0" failures="0">
  <properties>
[...]
</properties>
  <testcase name="testParseToken" classname="com.University.auth.test.JwtTest" time="0.916">
    <error message="Unable to verify RSA signature using configured PublicKey. Signature length not correct: got 126 but was expecting 128" type="io.jsonwebtoken.SignatureException">io.jsonwebtoken.SignatureException: Unable to verify RSA signature using configured PublicKey. Signature length not correct: got 126 but was expecting 128
	at com.University.auth.test.JwtTest.testParseToken(JwtTest.java:36)
Caused by: java.security.SignatureException: Signature length not correct: got 126 but was expecting 128
	at com.University.auth.test.JwtTest.testParseToken(JwtTest.java:36)
</error>
  </testcase>
  <testcase name="testRsa" classname="com.University.auth.test.JwtTest" time="0.088"/>
  <testcase name="testGenerateToken" classname="com.University.auth.test.JwtTest" time="0.083"/>
</testsuite>